This is pdfTeX, Version 3.141592653-2.6-1.40.24 (TeX Live 2022) (preloaded format=pdflatex 2022.6.19)  2 JUN 2024 04:22
entering extended mode
 restricted \write18 enabled.
 file:line:error style messages enabled.
 %&-line parsing enabled.
**/Users/linnan/Desktop/Computer-Organization-Project-202406/report/report.tex
(/Users/linnan/Desktop/Computer-Organization-Project-202406/report/report.tex
LaTeX2e <2022-06-01> patch level 1
L3 programming layer <2022-06-16> (./IEEEtran.cls
Document Class: IEEEtran 2015/08/26 V1.8b by Michael Shell
-- See the "IEEEtran_HOWTO" manual for usage information.
-- http://www.michaelshell.org/tex/ieeetran/
\@IEEEtrantmpdimenA=\dimen138
\@IEEEtrantmpdimenB=\dimen139
\@IEEEtrantmpdimenC=\dimen140
\@IEEEtrantmpcountA=\count185
\@IEEEtrantmpcountB=\count186
\@IEEEtrantmpcountC=\count187
\@IEEEtrantmptoksA=\toks16
LaTeX Font Info:    Trying to load font information for OT1+ptm on input line 503.
(/usr/local/texlive/2022/texmf-dist/tex/latex/psnfss/ot1ptm.fd
File: ot1ptm.fd 2001/06/04 font definitions for OT1/ptm.
)
-- Using 8.5in x 11in (letter) paper.
-- Using PDF output.
\@IEEEnormalsizeunitybaselineskip=\dimen141
-- This is a 10 point document.
\CLASSINFOnormalsizebaselineskip=\dimen142
\CLASSINFOnormalsizeunitybaselineskip=\dimen143
\IEEEnormaljot=\dimen144
LaTeX Font Info:    Font shape `OT1/ptm/bx/n' in size <5> not available
(Font)              Font shape `OT1/ptm/b/n' tried instead on input line 1090.
LaTeX Font Info:    Font shape `OT1/ptm/bx/it' in size <5> not available
(Font)              Font shape `OT1/ptm/b/it' tried instead on input line 1090.
LaTeX Font Info:    Font shape `OT1/ptm/bx/n' in size <7> not available
(Font)              Font shape `OT1/ptm/b/n' tried instead on input line 1090.
LaTeX Font Info:    Font shape `OT1/ptm/bx/it' in size <7> not available
(Font)              Font shape `OT1/ptm/b/it' tried instead on input line 1090.
LaTeX Font Info:    Font shape `OT1/ptm/bx/n' in size <8> not available
(Font)              Font shape `OT1/ptm/b/n' tried instead on input line 1090.
LaTeX Font Info:    Font shape `OT1/ptm/bx/it' in size <8> not available
(Font)              Font shape `OT1/ptm/b/it' tried instead on input line 1090.
LaTeX Font Info:    Font shape `OT1/ptm/bx/n' in size <9> not available
(Font)              Font shape `OT1/ptm/b/n' tried instead on input line 1090.
LaTeX Font Info:    Font shape `OT1/ptm/bx/it' in size <9> not available
(Font)              Font shape `OT1/ptm/b/it' tried instead on input line 1090.
LaTeX Font Info:    Font shape `OT1/ptm/bx/n' in size <10> not available
(Font)              Font shape `OT1/ptm/b/n' tried instead on input line 1090.
LaTeX Font Info:    Font shape `OT1/ptm/bx/it' in size <10> not available
(Font)              Font shape `OT1/ptm/b/it' tried instead on input line 1090.
LaTeX Font Info:    Font shape `OT1/ptm/bx/n' in size <11> not available
(Font)              Font shape `OT1/ptm/b/n' tried instead on input line 1090.
LaTeX Font Info:    Font shape `OT1/ptm/bx/it' in size <11> not available
(Font)              Font shape `OT1/ptm/b/it' tried instead on input line 1090.
LaTeX Font Info:    Font shape `OT1/ptm/bx/n' in size <12> not available
(Font)              Font shape `OT1/ptm/b/n' tried instead on input line 1090.
LaTeX Font Info:    Font shape `OT1/ptm/bx/it' in size <12> not available
(Font)              Font shape `OT1/ptm/b/it' tried instead on input line 1090.
LaTeX Font Info:    Font shape `OT1/ptm/bx/n' in size <17> not available
(Font)              Font shape `OT1/ptm/b/n' tried instead on input line 1090.
LaTeX Font Info:    Font shape `OT1/ptm/bx/it' in size <17> not available
(Font)              Font shape `OT1/ptm/b/it' tried instead on input line 1090.
LaTeX Font Info:    Font shape `OT1/ptm/bx/n' in size <20> not available
(Font)              Font shape `OT1/ptm/b/n' tried instead on input line 1090.
LaTeX Font Info:    Font shape `OT1/ptm/bx/it' in size <20> not available
(Font)              Font shape `OT1/ptm/b/it' tried instead on input line 1090.
LaTeX Font Info:    Font shape `OT1/ptm/bx/n' in size <24> not available
(Font)              Font shape `OT1/ptm/b/n' tried instead on input line 1090.
LaTeX Font Info:    Font shape `OT1/ptm/bx/it' in size <24> not available
(Font)              Font shape `OT1/ptm/b/it' tried instead on input line 1090.
\IEEEquantizedlength=\dimen145
\IEEEquantizedlengthdiff=\dimen146
\IEEEquantizedtextheightdiff=\dimen147
\IEEEilabelindentA=\dimen148
\IEEEilabelindentB=\dimen149
\IEEEilabelindent=\dimen150
\IEEEelabelindent=\dimen151
\IEEEdlabelindent=\dimen152
\IEEElabelindent=\dimen153
\IEEEiednormlabelsep=\dimen154
\IEEEiedmathlabelsep=\dimen155
\IEEEiedtopsep=\skip47
\c@section=\count188
\c@subsection=\count189
\c@subsubsection=\count190
\c@paragraph=\count191
\c@IEEEsubequation=\count192
\abovecaptionskip=\skip48
\belowcaptionskip=\skip49
\c@figure=\count193
\c@table=\count194
\@IEEEeqnnumcols=\count195
\@IEEEeqncolcnt=\count196
\@IEEEsubeqnnumrollback=\count197
\@IEEEquantizeheightA=\dimen156
\@IEEEquantizeheightB=\dimen157
\@IEEEquantizeheightC=\dimen158
\@IEEEquantizeprevdepth=\dimen159
\@IEEEquantizemultiple=\count198
\@IEEEquantizeboxA=\box51
\@IEEEtmpitemindent=\dimen160
\IEEEPARstartletwidth=\dimen161
\c@IEEEbiography=\count199
\@IEEEtranrubishbin=\box52
)
** ATTENTION: Overriding command lockouts (line 2).
(/usr/local/texlive/2022/texmf-dist/tex/latex/cite/cite.sty
LaTeX Info: Redefining \cite on input line 302.
LaTeX Info: Redefining \nocite on input line 332.
Package: cite 2015/02/27  v 5.5
) (/usr/local/texlive/2022/texmf-dist/tex/latex/tools/longtable.sty
Package: longtable 2021-09-01 v4.17 Multi-page Table package (DPC)
\LTleft=\skip50
\LTright=\skip51
\LTpre=\skip52
\LTpost=\skip53
\LTchunksize=\count266
\LTcapwidth=\dimen162
\LT@head=\box53
\LT@firsthead=\box54
\LT@foot=\box55
\LT@lastfoot=\box56
\LT@gbox=\box57
\LT@cols=\count267
\LT@rows=\count268
\c@LT@tables=\count269
\c@LT@chunks=\count270
\LT@p@ftn=\toks17
) (/usr/local/texlive/2022/texmf-dist/tex/latex/amsmath/amsmath.sty
Package: amsmath 2022/04/08 v2.17n AMS math features
\@mathmargin=\skip54

For additional information on amsmath, use the `?' option.
(/usr/local/texlive/2022/texmf-dist/tex/latex/amsmath/amstext.sty
Package: amstext 2021/08/26 v2.01 AMS text
 (/usr/local/texlive/2022/texmf-dist/tex/latex/amsmath/amsgen.sty
File: amsgen.sty 1999/11/30 v2.0 generic functions
\@emptytoks=\toks18
\ex@=\dimen163
)) (/usr/local/texlive/2022/texmf-dist/tex/latex/amsmath/amsbsy.sty
Package: amsbsy 1999/11/29 v1.2d Bold Symbols
\pmbraise@=\dimen164
) (/usr/local/texlive/2022/texmf-dist/tex/latex/amsmath/amsopn.sty
Package: amsopn 2022/04/08 v2.04 operator names
)
\inf@bad=\count271
LaTeX Info: Redefining \frac on input line 234.
\uproot@=\count272
\leftroot@=\count273
LaTeX Info: Redefining \overline on input line 399.
LaTeX Info: Redefining \colon on input line 410.
\classnum@=\count274
\DOTSCASE@=\count275
LaTeX Info: Redefining \ldots on input line 496.
LaTeX Info: Redefining \dots on input line 499.
LaTeX Info: Redefining \cdots on input line 620.
\Mathstrutbox@=\box58
\strutbox@=\box59
LaTeX Info: Redefining \big on input line 722.
LaTeX Info: Redefining \Big on input line 723.
LaTeX Info: Redefining \bigg on input line 724.
LaTeX Info: Redefining \Bigg on input line 725.
\big@size=\dimen165
LaTeX Font Info:    Redeclaring font encoding OML on input line 743.
LaTeX Font Info:    Redeclaring font encoding OMS on input line 744.
\macc@depth=\count276
LaTeX Info: Redefining \bmod on input line 905.
LaTeX Info: Redefining \pmod on input line 910.
LaTeX Info: Redefining \smash on input line 940.
LaTeX Info: Redefining \relbar on input line 970.
LaTeX Info: Redefining \Relbar on input line 971.
\c@MaxMatrixCols=\count277
\dotsspace@=\muskip16
\c@parentequation=\count278
\dspbrk@lvl=\count279
\tag@help=\toks19
\row@=\count280
\column@=\count281
\maxfields@=\count282
\andhelp@=\toks20
\eqnshift@=\dimen166
\alignsep@=\dimen167
\tagshift@=\dimen168
\tagwidth@=\dimen169
\totwidth@=\dimen170
\lineht@=\dimen171
\@envbody=\toks21
\multlinegap=\skip55
\multlinetaggap=\skip56
\mathdisplay@stack=\toks22
LaTeX Info: Redefining \[ on input line 2953.
LaTeX Info: Redefining \] on input line 2954.
) (/usr/local/texlive/2022/texmf-dist/tex/latex/amsfonts/amssymb.sty
Package: amssymb 2013/01/14 v3.01 AMS font symbols
 (/usr/local/texlive/2022/texmf-dist/tex/latex/amsfonts/amsfonts.sty
Package: amsfonts 2013/01/14 v3.01 Basic AMSFonts support
\symAMSa=\mathgroup4
\symAMSb=\mathgroup5
LaTeX Font Info:    Redeclaring math symbol \hbar on input line 98.
LaTeX Font Info:    Overwriting math alphabet `\mathfrak' in version `bold'
(Font)                  U/euf/m/n --> U/euf/b/n on input line 106.
)) (/usr/local/texlive/2022/texmf-dist/tex/latex/algorithms/algorithmic.sty
Package: algorithmic 2009/08/24 v0.1 Document Style `algorithmic'
 (/usr/local/texlive/2022/texmf-dist/tex/latex/base/ifthen.sty
Package: ifthen 2022/04/13 v1.1d Standard LaTeX ifthen package (DPC)
) (/usr/local/texlive/2022/texmf-dist/tex/latex/graphics/keyval.sty
Package: keyval 2022/05/29 v1.15 key=value parser (DPC)
\KV@toks@=\toks23
)
\c@ALC@unique=\count283
\c@ALC@line=\count284
\c@ALC@rem=\count285
\c@ALC@depth=\count286
\ALC@tlm=\skip57
\algorithmicindent=\skip58
) (/usr/local/texlive/2022/texmf-dist/tex/latex/graphics/graphicx.sty
Package: graphicx 2021/09/16 v1.2d Enhanced LaTeX Graphics (DPC,SPQR)
 (/usr/local/texlive/2022/texmf-dist/tex/latex/graphics/graphics.sty
Package: graphics 2022/03/10 v1.4e Standard LaTeX Graphics (DPC,SPQR)
 (/usr/local/texlive/2022/texmf-dist/tex/latex/graphics/trig.sty
Package: trig 2021/08/11 v1.11 sin cos tan (DPC)
) (/usr/local/texlive/2022/texmf-dist/tex/latex/graphics-cfg/graphics.cfg
File: graphics.cfg 2016/06/04 v1.11 sample graphics configuration
)
Package graphics Info: Driver file: pdftex.def on input line 107.
 (/usr/local/texlive/2022/texmf-dist/tex/latex/graphics-def/pdftex.def
File: pdftex.def 2020/10/05 v1.2a Graphics/color driver for pdftex
))
\Gin@req@height=\dimen172
\Gin@req@width=\dimen173
) (/usr/local/texlive/2022/texmf-dist/tex/latex/base/textcomp.sty
Package: textcomp 2020/02/02 v2.0n Standard LaTeX package
) (/usr/local/texlive/2022/texmf-dist/tex/latex/xcolor/xcolor.sty
Package: xcolor 2022/06/12 v2.14 LaTeX color extensions (UK)
 (/usr/local/texlive/2022/texmf-dist/tex/latex/graphics-cfg/color.cfg
File: color.cfg 2016/01/02 v1.6 sample color configuration
)
Package xcolor Info: Driver file: pdftex.def on input line 227.
 (/usr/local/texlive/2022/texmf-dist/tex/latex/graphics/mathcolor.ltx)
Package xcolor Info: Model `cmy' substituted by `cmy0' on input line 1353.
Package xcolor Info: Model `hsb' substituted by `rgb' on input line 1357.
Package xcolor Info: Model `RGB' extended on input line 1369.
Package xcolor Info: Model `HTML' substituted by `rgb' on input line 1371.
Package xcolor Info: Model `Hsb' substituted by `hsb' on input line 1372.
Package xcolor Info: Model `tHsb' substituted by `hsb' on input line 1373.
Package xcolor Info: Model `HSB' substituted by `hsb' on input line 1374.
Package xcolor Info: Model `Gray' substituted by `gray' on input line 1375.
Package xcolor Info: Model `wave' substituted by `hsb' on input line 1376.
) (/usr/local/texlive/2022/texmf-dist/tex/latex/l3backend/l3backend-pdftex.def
File: l3backend-pdftex.def 2022-04-20 L3 backend support: PDF output (pdfTeX)
\l__color_backend_stack_int=\count287
\l__pdf_internal_box=\box60
) (build/report.aux)
\openout1 = `report.aux'.

LaTeX Font Info:    Checking defaults for OML/cmm/m/it on input line 13.
LaTeX Font Info:    ... okay on input line 13.
LaTeX Font Info:    Checking defaults for OMS/cmsy/m/n on input line 13.
LaTeX Font Info:    ... okay on input line 13.
LaTeX Font Info:    Checking defaults for OT1/cmr/m/n on input line 13.
LaTeX Font Info:    ... okay on input line 13.
LaTeX Font Info:    Checking defaults for T1/cmr/m/n on input line 13.
LaTeX Font Info:    ... okay on input line 13.
LaTeX Font Info:    Checking defaults for TS1/cmr/m/n on input line 13.
LaTeX Font Info:    ... okay on input line 13.
LaTeX Font Info:    Checking defaults for OMX/cmex/m/n on input line 13.
LaTeX Font Info:    ... okay on input line 13.
LaTeX Font Info:    Checking defaults for U/cmr/m/n on input line 13.
LaTeX Font Info:    ... okay on input line 13.

-- Lines per column: 56 (exact).
(/usr/local/texlive/2022/texmf-dist/tex/context/base/mkii/supp-pdf.mkii
[Loading MPS to PDF converter (version 2006.09.02).]
\scratchcounter=\count288
\scratchdimen=\dimen174
\scratchbox=\box61
\nofMPsegments=\count289
\nofMParguments=\count290
\everyMPshowfont=\toks24
\MPscratchCnt=\count291
\MPscratchDim=\dimen175
\MPnumerator=\count292
\makeMPintoPDFobject=\count293
\everyMPtoPDFconversion=\toks25
) (/usr/local/texlive/2022/texmf-dist/tex/latex/epstopdf-pkg/epstopdf-base.sty
Package: epstopdf-base 2020-01-24 v2.11 Base part for package epstopdf
Package epstopdf-base Info: Redefining graphics rule for `.eps' on input line 485.
 (/usr/local/texlive/2022/texmf-dist/tex/latex/latexconfig/epstopdf-sys.cfg
File: epstopdf-sys.cfg 2010/07/13 v1.3 Configuration of (r)epstopdf for TeX Live
))
LaTeX Font Info:    Trying to load font information for U+msa on input line 32.
 (/usr/local/texlive/2022/texmf-dist/tex/latex/amsfonts/umsa.fd
File: umsa.fd 2013/01/14 v3.01 AMS symbols A
)
LaTeX Font Info:    Trying to load font information for U+msb on input line 32.
 (/usr/local/texlive/2022/texmf-dist/tex/latex/amsfonts/umsb.fd
File: umsb.fd 2013/01/14 v3.01 AMS symbols B
)
<assets/multiplexer.png, id=1, 377.41pt x 255.95625pt>
File: assets/multiplexer.png Graphic file (type png)
<use assets/multiplexer.png>
Package pdftex.def Info: assets/multiplexer.png  used on input line 65.
(pdftex.def)             Requested size: 154.80157pt x 104.98569pt.


LaTeX Warning: `!h' float specifier changed to `!ht'.

<assets/half_adder.png, id=3, 503.8825pt x 480.79625pt>
File: assets/half_adder.png Graphic file (type png)
<use assets/half_adder.png>
Package pdftex.def Info: assets/half_adder.png  used on input line 90.
(pdftex.def)             Requested size: 206.39685pt x 196.93698pt.
[1{/usr/local/texlive/2022/texmf-var/fonts/map/pdftex/updmap/pdftex.map}


 <./assets/multiplexer.png> <./assets/half_adder.png>]
<assets/twos_complement.png, id=19, 955.57pt x 1182.4175pt>
File: assets/twos_complement.png Graphic file (type png)
<use assets/twos_complement.png>
Package pdftex.def Info: assets/twos_complement.png  used on input line 108.
(pdftex.def)             Requested size: 232.19843pt x 287.32227pt.
<assets/generate_gp.png, id=20, 467.7475pt x 153.57375pt>
File: assets/generate_gp.png Graphic file (type png)
<use assets/generate_gp.png>
Package pdftex.def Info: assets/generate_gp.png  used on input line 181.
(pdftex.def)             Requested size: 206.39685pt x 67.76715pt.


LaTeX Warning: `!h' float specifier changed to `!ht'.

[2 <./assets/twos_complement.png>]
<assets/full_adder.png, id=29, 827.09pt x 691.58376pt>
File: assets/full_adder.png Graphic file (type png)
<use assets/full_adder.png>
Package pdftex.def Info: assets/full_adder.png  used on input line 221.
(pdftex.def)             Requested size: 258.0pt x 215.72894pt.

Overfull \hbox (6.0pt too wide) in paragraph at lines 221--222
 [][] 
 []

<assets/adder_4bits.png, id=30, 1021.8175pt x 1307.88625pt>
File: assets/adder_4bits.png Graphic file (type png)
<use assets/adder_4bits.png>
Package pdftex.def Info: assets/adder_4bits.png  used on input line 235.
(pdftex.def)             Requested size: 258.0pt x 330.2237pt.

Overfull \hbox (6.0pt too wide) in paragraph at lines 235--236
 [][] 
 []

<assets/twos_complement_dq.png, id=31, 955.57pt x 1302.8675pt>
File: assets/twos_complement_dq.png Graphic file (type png)
<use assets/twos_complement_dq.png>
Package pdftex.def Info: assets/twos_complement_dq.png  used on input line 243.
(pdftex.def)             Requested size: 232.19843pt x 316.5911pt.

LaTeX Warning: `!h' float specifier changed to `!ht'.

[3 <./assets/generate_gp.png> <./assets/full_adder.png> <./assets/adder_4bits.png>]
<assets/adder_4bits_copy.png, id=38, 658.46pt x 813.0375pt>
File: assets/adder_4bits_copy.png Graphic file (type png)
<use assets/adder_4bits_copy.png>
Package pdftex.def Info: assets/adder_4bits_copy.png  used on input line 267.
(pdftex.def)             Requested size: 232.19843pt x 286.7012pt.


LaTeX Warning: `!h' float specifier changed to `!ht'.

<assets/twos_complement_dq_copy.png, id=39, 1911.14pt x 2364.835pt>
File: assets/twos_complement_dq_copy.png Graphic file (type png)
<use assets/twos_complement_dq_copy.png>
Package pdftex.def Info: assets/twos_complement_dq_copy.png  used on input line 277.
(pdftex.def)             Requested size: 232.19843pt x 287.30423pt.

LaTeX Warning: `!h' float specifier changed to `!ht'.


Underfull \vbox (badness 1043) has occurred while \output is active []



LaTeX Warning: Text page 4 contains only floats.

[4 <./assets/twos_complement_dq.png> <./assets/adder_4bits_copy.png> <./assets/twos_complement_dq_copy.png>]
Overfull \hbox (17.00542pt too wide) detected at line 304
[]\OT1/cmr/m/n/10 1 + [] = [] []  []
 []

<assets/1bit_adder.png, id=46, 617.30624pt x 269.005pt>
File: assets/1bit_adder.png Graphic file (type png)
<use assets/1bit_adder.png>
Package pdftex.def Info: assets/1bit_adder.png  used on input line 312.
(pdftex.def)             Requested size: 232.19843pt x 101.18446pt.

Underfull \hbox (badness 1590) in paragraph at lines 317--319
[]\OT1/ptm/m/n/10 To add two 2-bit bi-nary num-bers, we first cal-cu-late
 []

<assets/2bits_adder.png, id=47, 2097.8375pt x 1204.5pt>
File: assets/2bits_adder.png Graphic file (type png)
<use assets/2bits_adder.png>
Package pdftex.def Info: assets/2bits_adder.png  used on input line 347.
(pdftex.def)             Requested size: 232.19843pt x 133.3041pt.

LaTeX Warning: `!h' float specifier changed to `!ht'.


Underfull \hbox (badness 2521) in paragraph at lines 355--357
\OT1/ptm/m/n/10 and $\OML/cmm/m/it/10 r[]; s[]; [] ; s[]; t[]; [] ; t[]; R[]$\OT1/ptm/m/n/10 , de-pend-ing
 []

<assets/4bits_adder.png, id=48, 2505.36pt x 1967.35pt>
File: assets/4bits_adder.png Graphic file (type png)
<use assets/4bits_adder.png>
Package pdftex.def Info: assets/4bits_adder.png  used on input line 407.
(pdftex.def)             Requested size: 232.19843pt x 182.30724pt.

LaTeX Warning: `!h' float specifier changed to `!ht'.

<assets/8bits_adder.png, id=49, 3499.0725pt x 2368.85pt>
File: assets/8bits_adder.png Graphic file (type png)
<use assets/8bits_adder.png>
Package pdftex.def Info: assets/8bits_adder.png  used on input line 414.
(pdftex.def)             Requested size: 232.19843pt x 157.16147pt.

LaTeX Warning: `!h' float specifier changed to `!ht'.

<assets/twos_complement_course.png, id=50, 2579.6375pt x 1529.715pt>
File: assets/twos_complement_course.png Graphic file (type png)
<use assets/twos_complement_course.png>
Package pdftex.def Info: assets/twos_complement_course.png  used on input line 424.
(pdftex.def)             Requested size: 232.19843pt x 137.69174pt.

LaTeX Warning: `!h' float specifier changed to `!ht'.

[5 <./assets/1bit_adder.png> <./assets/2bits_adder.png>] [6 <./assets/4bits_adder.png> <./assets/8bits_adder.png> <./assets/twos_complement_course.png>]
<assets/test-data.png, id=66, 572.1375pt x 325.215pt>
File: assets/test-data.png Graphic file (type png)
<use assets/test-data.png>
Package pdftex.def Info: assets/test-data.png  used on input line 541.
(pdftex.def)             Requested size: 258.0pt x 146.65306pt.

Overfull \hbox (6.0pt too wide) in paragraph at lines 541--542
 [][] 
 []

<assets/twos_complement_dq_copy_delay.png, id=67, 987.69pt x 1423.3175pt>
File: assets/twos_complement_dq_copy_delay.png Graphic file (type png)
<use assets/twos_complement_dq_copy_delay.png>
Package pdftex.def Info: assets/twos_complement_dq_copy_delay.png  used on input line 562.
(pdftex.def)             Requested size: 258.0pt x 371.79128pt.

Overfull \hbox (6.0pt too wide) in paragraph at lines 562--563
 [][] 
 []

<assets/gtkwave-1.png, id=68, 978.65625pt x 326.21875pt>
File: assets/gtkwave-1.png Graphic file (type png)
<use assets/gtkwave-1.png>
Package pdftex.def Info: assets/gtkwave-1.png  used on input line 570.
(pdftex.def)             Requested size: 258.0pt x 85.99956pt.

Overfull \hbox (6.0pt too wide) in paragraph at lines 570--571
 [][] 
 []


LaTeX Warning: `!h' float specifier changed to `!ht'.

<assets/gtkwave-2.png, id=69, 732.7375pt x 193.72375pt>
File: assets/gtkwave-2.png Graphic file (type png)
<use assets/gtkwave-2.png>
Package pdftex.def Info: assets/gtkwave-2.png  used on input line 577.
(pdftex.def)             Requested size: 258.0pt x 68.21225pt.

Overfull \hbox (6.0pt too wide) in paragraph at lines 577--578
 [][] 
 []


LaTeX Warning: `!h' float specifier changed to `!ht'.

<assets/gtkwave.png, id=70, 1175.39125pt x 584.1825pt>
File: assets/gtkwave.png Graphic file (type png)
<use assets/gtkwave.png>
Package pdftex.def Info: assets/gtkwave.png  used on input line 584.
(pdftex.def)             Requested size: 258.0pt x 128.22638pt.

Overfull \hbox (6.0pt too wide) in paragraph at lines 584--585
 [][] 
 []


LaTeX Warning: `!h' float specifier changed to `!ht'.

[7 <./assets/test-data.png> <./assets/twos_complement_dq_copy_delay.png>]
<assets/question-7.png, id=77, 383.4325pt x 99.37125pt>
File: assets/question-7.png Graphic file (type png)
<use assets/question-7.png>
Package pdftex.def Info: assets/question-7.png  used on input line 625.
(pdftex.def)             Requested size: 258.0pt x 66.868pt.

Overfull \hbox (6.0pt too wide) in paragraph at lines 625--626
 [][] 
 []

<assets/triggers.png, id=78, 738.76pt x 374.39874pt>
File: assets/triggers.png Graphic file (type png)
<use assets/triggers.png>
Package pdftex.def Info: assets/triggers.png  used on input line 650.
(pdftex.def)             Requested size: 258.0pt x 130.75017pt.

Overfull \hbox (6.0pt too wide) in paragraph at lines 650--651
 [][] 
 []

<assets/trigger-output.png, id=79, 377.41pt x 175.65625pt>
File: assets/trigger-output.png Graphic file (type png)
<use assets/trigger-output.png>
Package pdftex.def Info: assets/trigger-output.png  used on input line 657.
(pdftex.def)             Requested size: 154.80157pt x 72.049pt.
[8 <./assets/gtkwave-1.png> <./assets/gtkwave-2.png> <./assets/gtkwave.png> <./assets/question-7.png> <./assets/triggers.png> <./assets/trigger-output.png>]
<assets/impulse-output.png, id=90, 708.6475pt x 130.4875pt>
File: assets/impulse-output.png Graphic file (type png)
<use assets/impulse-output.png>
Package pdftex.def Info: assets/impulse-output.png  used on input line 668.
(pdftex.def)             Requested size: 258.0pt x 47.50706pt.

Overfull \hbox (6.0pt too wide) in paragraph at lines 668--669
 [][] 
 []

<assets/1-bit-memory.png, id=91, 1684.2925pt x 672.5125pt>
File: assets/1-bit-memory.png Graphic file (type png)
<use assets/1-bit-memory.png>
Package pdftex.def Info: assets/1-bit-memory.png  used on input line 688.
(pdftex.def)             Requested size: 258.0pt x 103.00694pt.

Overfull \hbox (6.0pt too wide) in paragraph at lines 688--689
 [][] 
 []

<assets/8-bit-memory.png, id=92, 1252.68pt x 2294.5725pt>
File: assets/8-bit-memory.png Graphic file (type png)
<use assets/8-bit-memory.png>
Package pdftex.def Info: assets/8-bit-memory.png  used on input line 697.
(pdftex.def)             Requested size: 258.0pt x 472.56117pt.

Overfull \hbox (6.0pt too wide) in paragraph at lines 697--698
 [][] 
 []


LaTeX Warning: `!h' float specifier changed to `!ht'.

<assets/8-bit-memories.png, id=93, 3587.4025pt x 2575.6225pt>
File: assets/8-bit-memories.png Graphic file (type png)
<use assets/8-bit-memories.png>
Package pdftex.def Info: assets/8-bit-memories.png  used on input line 707.
(pdftex.def)             Requested size: 516.0pt x 370.44919pt.

LaTeX Warning: `!h' float specifier changed to `!ht'.

<assets/8-bit-register.png, id=94, 971.63pt x 1497.595pt>
File: assets/8-bit-register.png Graphic file (type png)
<use assets/8-bit-register.png>
Package pdftex.def Info: assets/8-bit-register.png  used on input line 717.
(pdftex.def)             Requested size: 206.39685pt x 318.11476pt.

LaTeX Warning: `!h' float specifier changed to `!ht'.

[9 <./assets/impulse-output.png> <./assets/1-bit-memory.png> <./assets/8-bit-memory.png>]
<assets/load.png, id=101, 2184.16pt x 1332.98pt>
File: assets/load.png Graphic file (type png)
<use assets/load.png>
Package pdftex.def Info: assets/load.png  used on input line 747.
(pdftex.def)             Requested size: 258.0pt x 157.44891pt.

Overfull \hbox (6.0pt too wide) in paragraph at lines 747--748
 [][] 
 []


LaTeX Warning: `!h' float specifier changed to `!ht'.

<assets/store.png, id=102, 2975.115pt x 1234.6125pt>
File: assets/store.png Graphic file (type png)
<use assets/store.png>
Package pdftex.def Info: assets/store.png  used on input line 757.
(pdftex.def)             Requested size: 516.0pt x 214.12004pt.

LaTeX Warning: `!h' float specifier changed to `!ht'.

<assets/load+store+3+2.png, id=103, 5645.09pt x 3218.0225pt>
File: assets/load+store+3+2.png Graphic file (type png)
<use assets/load+store+3+2.png>
Package pdftex.def Info: assets/load+store+3+2.png  used on input line 764.
(pdftex.def)             Requested size: 516.0pt x 294.12701pt.

LaTeX Warning: `!h' float specifier changed to `!ht'.


** Conference Paper **
Before submitting the final camera ready copy, remember to:

 1. Manually equalize the lengths of two columns on the last page
 of your paper;

 2. Ensure that any PostScript and/or PDF output post-processing
 uses only Type 1 fonts and that every step in the generation
 process uses the appropriate paper size.

[10

 <./assets/8-bit-memories.png>] [11

 <./assets/8-bit-register.png> <./assets/load.png>] [12 <./assets/store.png> <./assets/load+store+3+2.png>] (build/report.aux) ) 
Here is how much of TeX's memory you used:
 4572 strings out of 478038
 74036 string characters out of 5839071
 390003 words of memory out of 5000000
 22935 multiletter control sequences out of 15000+600000
 511012 words of font info for 109 fonts, out of 8000000 for 9000
 1141 hyphenation exceptions out of 8191
 55i,15n,62p,527b,290s stack positions out of 10000i,1000n,20000p,200000b,200000s
{/usr/local/texlive/2022/texmf-dist/fonts/enc/dvips/base/8r.enc}</usr/local/texlive/2022/texmf-dist/fonts/type1/public/amsfonts/cm/cmex10.pfb></usr/local/texlive/2022/texmf-dist/fonts/type1/public/amsfonts/cm/cmmi10.pfb></usr/local/texlive/2022/texmf-dist/fonts/type1/public/amsfonts/cm/cmmi5.pfb></usr/local/texlive/2022/texmf-dist/fonts/type1/public/amsfonts/cm/cmmi7.pfb></usr/local/texlive/2022/texmf-dist/fonts/type1/public/amsfonts/cm/cmmi8.pfb></usr/local/texlive/2022/texmf-dist/fonts/type1/public/amsfonts/cm/cmr10.pfb></usr/local/texlive/2022/texmf-dist/fonts/type1/public/amsfonts/cm/cmr5.pfb></usr/local/texlive/2022/texmf-dist/fonts/type1/public/amsfonts/cm/cmr6.pfb></usr/local/texlive/2022/texmf-dist/fonts/type1/public/amsfonts/cm/cmr7.pfb></usr/local/texlive/2022/texmf-dist/fonts/type1/public/amsfonts/cm/cmsy10.pfb></usr/local/texlive/2022/texmf-dist/fonts/type1/public/amsfonts/cm/cmsy5.pfb></usr/local/texlive/2022/texmf-dist/fonts/type1/public/amsfonts/cm/cmsy7.pfb></usr/local/texlive/2022/texmf-dist/fonts/type1/public/amsfonts/symbols/msbm10.pfb></usr/local/texlive/2022/texmf-dist/fonts/type1/urw/times/utmb8a.pfb></usr/local/texlive/2022/texmf-dist/fonts/type1/urw/times/utmbi8a.pfb></usr/local/texlive/2022/texmf-dist/fonts/type1/urw/times/utmr8a.pfb></usr/local/texlive/2022/texmf-dist/fonts/type1/urw/times/utmri8a.pfb>
Output written on build/report.pdf (12 pages, 3214947 bytes).
PDF statistics:
 190 PDF objects out of 1000 (max. 8388607)
 81 compressed objects within 1 object stream
 0 named destinations out of 1000 (max. 500000)
 151 words of extra memory for PDF output out of 10000 (max. 10000000)

